number,value,state,params_colsample_bytree,params_gamma,params_learning_rate,params_max_delta_step,params_max_depth,params_min_child_weight,params_reg_alpha,params_reg_lambda,params_subsample,user_attrs_fold_best_iterations,user_attrs_fold_macro_f1_scores,user_attrs_mean_macro_f1,user_attrs_median_best_iteration,user_attrs_std_macro_f1
72,0.888727665095363,COMPLETE,0.7201962628958031,0.16795201503894785,0.1856167505675729,8.128946699164793,2,3.4196776189898412,0.054945857077868754,0.0015187693861316654,0.7004415778512962,"[555, 586, 975, 664, 902]","[0.8787411790455162, 0.9007253858505717, 0.8921521271537973, 0.8917878980801855, 0.8802317353467445]",0.888727665095363,664.0,0.009178071632269278
73,0.8786632675598685,PRUNED,0.7268641729723513,0.5292765742911897,0.22096247273170203,5.757629145707646,5,3.137687280783788,0.0007536980073797223,0.06337549737089569,0.9188141145343572,,,,,
74,0.8899215222601263,COMPLETE,0.7133830983920125,0.16193670913929728,0.12162573461806286,0.9310218546278362,4,6.646425458169461,0.0012402365710803326,0.01469854570115007,0.7549165679888273,"[555, 826, 604, 795, 768]","[0.8771682263789223, 0.9007253858505717, 0.8921335619566146, 0.9011832976871809, 0.8783971394273431]",0.8899215222601263,768.0,0.011660854700442034
